# PowerShell script to run GiosaApp frontend tests
param(
    [switch]$UnitOnly,
    [switch]$IntegrationOnly,
    [switch]$SystemOnly,
    [switch]$Coverage,
    [switch]$Verbose
)

# Colors for output
function Write-ColorOutput($ForegroundColor) {
    $fc = $host.UI.RawUI.ForegroundColor
    $host.UI.RawUI.ForegroundColor = $ForegroundColor
    if ($args) {
        Write-Output $args
    }
    $host.UI.RawUI.ForegroundColor = $fc
}

function Write-Success { Write-ColorOutput Green $args }
function Write-Error { Write-ColorOutput Red $args }
function Write-Warning { Write-ColorOutput Yellow $args }
function Write-Info { Write-ColorOutput Blue $args }

Write-Info "ğŸš€ Starting GiosaApp Frontend Tests"
Write-Info "================================================="

# Function to check if a command exists
function Test-CommandExists($command) {
    $null = Get-Command $command -ErrorAction SilentlyContinue
    return $?
}

# Function to run a test suite
function Invoke-TestSuite($name, $command) {
    Write-Warning "`nğŸ“‹ Running $name..."
    Write-Info "----------------------------------------"
    
    try {
        if ($Verbose) {
            Invoke-Expression $command
        } else {
            Invoke-Expression "$command 2>$null"
        }
        
        if ($LASTEXITCODE -eq 0) {
            Write-Success "âœ… $name PASSED"
            return $true
        } else {
            Write-Error "âŒ $name FAILED"
            return $false
        }
    } catch {
        Write-Error "âŒ $name FAILED with exception: $($_.Exception.Message)"
        return $false
    }
}

# Check prerequisites
Write-Info "ğŸ” Checking prerequisites..."

if (-not (Test-CommandExists "node")) {
    Write-Error "âŒ Node.js is not installed"
    exit 1
}

if (-not (Test-CommandExists "npm")) {
    Write-Error "âŒ npm is not installed"
    exit 1
}

# Check if Rails server is running
try {
    $response = Invoke-WebRequest -Uri "http://localhost:3000" -UseBasicParsing -TimeoutSec 5 -ErrorAction Stop
    Write-Success "âœ… Rails server is running"
} catch {
    Write-Warning "âš ï¸  Rails server is not running on localhost:3000"
    Write-Info "Please start the Rails server with: rails server"
    exit 1
}

Write-Success "âœ… All prerequisites met"

# Install dependencies if needed
if (-not (Test-Path "node_modules")) {
    Write-Warning "`nğŸ“¦ Installing npm dependencies..."
    npm install
    if ($LASTEXITCODE -ne 0) {
        Write-Error "âŒ Failed to install npm dependencies"
        exit 1
    }
}

# Initialize test results
$totalTests = 0
$passedTests = 0

# Run Jest unit tests
if (-not $IntegrationOnly -and -not $SystemOnly) {
    if (Invoke-TestSuite "Jest Unit Tests" "npm run test:unit") {
        $passedTests++
    }
    $totalTests++
}

# Run Jest integration tests (if Selenium is available)
if (-not $UnitOnly -and -not $SystemOnly) {
    $chromeDriverExists = (Test-CommandExists "chromedriver") -or (Test-Path "node_modules\.bin\chromedriver.exe")
    
    if ($chromeDriverExists) {
        if (Invoke-TestSuite "Jest Integration Tests" "npm run test:integration") {
            $passedTests++
        }
        $totalTests++
    } else {
        Write-Warning "âš ï¸  Skipping Selenium integration tests (chromedriver not found)"
        Write-Info "Install chromedriver to run integration tests"
    }
}

# Run Rails system tests
if (-not $UnitOnly -and -not $IntegrationOnly) {
    if (Test-CommandExists "bundle") {
        Write-Warning "`nğŸ“‹ Running Rails System Tests..."
        Write-Info "----------------------------------------"
        
        try {
            bundle exec rails test:system test/system/notifications_test.rb
            if ($LASTEXITCODE -eq 0) {
                Write-Success "âœ… Rails System Tests PASSED"
                $passedTests++
            } else {
                Write-Error "âŒ Rails System Tests FAILED"
            }
        } catch {
            Write-Error "âŒ Rails System Tests FAILED with exception: $($_.Exception.Message)"
        }
        $totalTests++
    } else {
        Write-Warning "âš ï¸  Skipping Rails system tests (bundle not available)"
    }
}

# Run coverage report
if ($Coverage -or ($totalTests -eq 0)) {
    Write-Warning "`nğŸ“Š Generating coverage report..."
    npm run test:coverage
}

# Summary
Write-Info "`n================================================="
Write-Info "ğŸ“Š Test Summary"
Write-Info "================================================="
Write-Info "Total test suites: $totalTests"
Write-Success "Passed: $passedTests"
Write-Error "Failed: $($totalTests - $passedTests)"

if ($passedTests -eq $totalTests -and $totalTests -gt 0) {
    Write-Success "`nğŸ‰ All tests passed!"
    exit 0
} elseif ($totalTests -eq 0) {
    Write-Warning "`nâš ï¸  No tests were run. Use -Coverage to run coverage only."
    exit 0
} else {
    Write-Error "`nğŸ’¥ Some tests failed"
    exit 1
}
